<?xml version="1.0" encoding="utf-8"?><testsuites name="pytest tests"><testsuite name="pytest" errors="0" failures="0" skipped="0" tests="14" time="3.889" timestamp="2026-04-09T17:36:29.240311+00:00" hostname="agent-env-7f73214d-702f-4355-8953-6a4324a5d93c"><testcase classname="backend.tests.test_p1_features.TestSLSAEndpoints" name="test_get_slsa_levels" time="0.288" /><testcase classname="backend.tests.test_p1_features.TestSLSAEndpoints" name="test_generate_slsa_attestation" time="0.251" /><testcase classname="backend.tests.test_p1_features.TestSLSAEndpoints" name="test_verify_slsa_provenance" time="0.435" /><testcase classname="backend.tests.test_p1_features.TestVEXEndpoints" name="test_get_vex_formats" time="0.102" /><testcase classname="backend.tests.test_p1_features.TestVEXEndpoints" name="test_generate_vex_document" time="0.225" /><testcase classname="backend.tests.test_p1_features.TestVEXEndpoints" name="test_get_vex_summary" time="0.325" /><testcase classname="backend.tests.test_p1_features.TestWebhookEndpoints" name="test_get_webhook_events" time="0.122" /><testcase classname="backend.tests.test_p1_features.TestWebhookEndpoints" name="test_get_webhook_destinations" time="0.116" /><testcase classname="backend.tests.test_p1_features.TestWebhookEndpoints" name="test_list_webhooks" time="0.109" /><testcase classname="backend.tests.test_p1_features.TestWebhookEndpoints" name="test_create_webhook" time="0.243" /><testcase classname="backend.tests.test_p1_features.TestWebhookEndpoints" name="test_test_webhook" time="0.572" /><testcase classname="backend.tests.test_p1_features.TestWebhookEndpoints" name="test_delete_webhook" time="0.208" /><testcase classname="backend.tests.test_p1_features.TestWebhookEndpoints" name="test_get_delivery_history" time="0.112" /><testcase classname="backend.tests.test_p1_features.TestIntegration" name="test_slsa_vex_workflow" time="0.670" /></testsuite></testsuites>