<?xml version="1.0" encoding="utf-8"?><testsuites name="pytest tests"><testsuite name="pytest" errors="0" failures="0" skipped="0" tests="15" time="3.222" timestamp="2026-04-09T16:41:01.625644+00:00" hostname="agent-env-7f73214d-702f-4355-8953-6a4324a5d93c"><testcase classname="backend.tests.test_vulnerability_remediation.TestCVEDatabaseEndpoint" name="test_cve_database_returns_list" time="0.224" /><testcase classname="backend.tests.test_vulnerability_remediation.TestCVEDatabaseEndpoint" name="test_cve_database_contains_known_cves" time="0.120" /><testcase classname="backend.tests.test_vulnerability_remediation.TestRemediationStatsEndpoint" name="test_remediation_stats_returns_statistics" time="0.123" /><testcase classname="backend.tests.test_vulnerability_remediation.TestVulnerabilityAnalysisEndpoint" name="test_vulnerability_analysis_with_valid_build" time="0.359" /><testcase classname="backend.tests.test_vulnerability_remediation.TestVulnerabilityAnalysisEndpoint" name="test_vulnerability_analysis_with_invalid_build" time="0.115" /><testcase classname="backend.tests.test_vulnerability_remediation.TestAutoRemediateEndpoint" name="test_auto_remediate_generates_dockerfile" time="0.323" /><testcase classname="backend.tests.test_vulnerability_remediation.TestAutoRemediateEndpoint" name="test_auto_remediate_with_invalid_build" time="0.111" /><testcase classname="backend.tests.test_vulnerability_remediation.TestSingleCVERemediateEndpoint" name="test_single_cve_remediate_known_cve" time="0.338" /><testcase classname="backend.tests.test_vulnerability_remediation.TestSingleCVERemediateEndpoint" name="test_single_cve_remediate_unknown_cve" time="0.321" /><testcase classname="backend.tests.test_vulnerability_remediation.TestRemediationHistoryEndpoint" name="test_remediation_history_returns_audit_trail" time="0.432" /><testcase classname="backend.tests.test_vulnerability_remediation.TestRemediationHistoryEndpoint" name="test_remediation_history_with_invalid_build" time="0.141" /><testcase classname="backend.tests.test_vulnerability_remediation.TestExistingBuildRemediation" name="test_existing_build_vulnerability_analysis" time="0.153" /><testcase classname="backend.tests.test_vulnerability_remediation.TestExistingBuildRemediation" name="test_existing_build_remediation_history" time="0.144" /><testcase classname="backend.tests.test_vulnerability_remediation.TestRemediationDataIntegrity" name="test_cve_database_sorted_by_severity" time="0.120" /><testcase classname="backend.tests.test_vulnerability_remediation.TestRemediationDataIntegrity" name="test_remediation_types_are_valid" time="0.100" /></testsuite></testsuites>