<?xml version="1.0" encoding="utf-8"?><testsuites name="pytest tests"><testsuite name="pytest" errors="0" failures="0" skipped="0" tests="9" time="2.965" timestamp="2026-04-09T19:20:59.810765+00:00" hostname="agent-env-7f73214d-702f-4355-8953-6a4324a5d93c"><testcase classname="backend.tests.test_webhook_delivery_persistence.TestWebhookDeliveryPersistence" name="test_get_webhooks_returns_db_stats" time="0.185" /><testcase classname="backend.tests.test_webhook_delivery_persistence.TestWebhookDeliveryPersistence" name="test_get_delivery_history_from_mongodb" time="0.121" /><testcase classname="backend.tests.test_webhook_delivery_persistence.TestWebhookDeliveryPersistence" name="test_test_webhook_persists_delivery" time="1.599" /><testcase classname="backend.tests.test_webhook_delivery_persistence.TestWebhookDeliveryPersistence" name="test_stats_calculated_from_database" time="0.284" /><testcase classname="backend.tests.test_webhook_delivery_persistence.TestWebhookDeliveryPersistence" name="test_delivery_history_sorted_by_created_at" time="0.162" /><testcase classname="backend.tests.test_webhook_delivery_persistence.TestWebhookDeliveryPersistence" name="test_webhook_not_found_returns_404" time="0.137" /><testcase classname="backend.tests.test_webhook_delivery_persistence.TestWebhookDeliveryPersistence" name="test_delivery_history_limit_parameter" time="0.120" /><testcase classname="backend.tests.test_webhook_delivery_persistence.TestWebhookEndpoints" name="test_get_webhook_events" time="0.140" /><testcase classname="backend.tests.test_webhook_delivery_persistence.TestWebhookEndpoints" name="test_get_webhook_destinations" time="0.120" /></testsuite></testsuites>