<?xml version="1.0" encoding="utf-8"?><testsuites name="pytest tests"><testsuite name="pytest" errors="0" failures="0" skipped="0" tests="26" time="4.071" timestamp="2026-04-09T16:16:17.604803+00:00" hostname="agent-env-7f73214d-702f-4355-8953-6a4324a5d93c"><testcase classname="backend.tests.test_secureimage_forge.TestBasicEndpoints" name="test_api_root" time="0.208" /><testcase classname="backend.tests.test_secureimage_forge.TestBasicEndpoints" name="test_stats_endpoint" time="0.161" /><testcase classname="backend.tests.test_secureimage_forge.TestRuntimeVersionsEndpoints" name="test_runtime_versions_endpoint" time="0.128" /><testcase classname="backend.tests.test_secureimage_forge.TestRuntimeVersionsEndpoints" name="test_specific_runtime_versions" time="0.113" /><testcase classname="backend.tests.test_secureimage_forge.TestRuntimeVersionsEndpoints" name="test_invalid_runtime_returns_404" time="0.113" /><testcase classname="backend.tests.test_secureimage_forge.TestBaseImageTagsEndpoints" name="test_base_image_tags_endpoint" time="0.134" /><testcase classname="backend.tests.test_secureimage_forge.TestBaseImageTagsEndpoints" name="test_specific_base_image_tags" time="0.129" /><testcase classname="backend.tests.test_secureimage_forge.TestCISLevelsEndpoint" name="test_cis_levels_endpoint" time="0.115" /><testcase classname="backend.tests.test_secureimage_forge.TestSBOMFormatsEndpoint" name="test_sbom_formats_endpoint" time="0.105" /><testcase classname="backend.tests.test_secureimage_forge.TestBuildEndpoints" name="test_get_builds_list" time="0.136" /><testcase classname="backend.tests.test_secureimage_forge.TestBuildEndpoints" name="test_create_build_simple" time="0.130" /><testcase classname="backend.tests.test_secureimage_forge.TestBuildEndpoints" name="test_create_build_with_advanced_config" time="0.099" /><testcase classname="backend.tests.test_secureimage_forge.TestBuildEndpoints" name="test_get_build_by_id" time="0.242" /><testcase classname="backend.tests.test_secureimage_forge.TestBuildEndpoints" name="test_get_nonexistent_build_returns_404" time="0.137" /><testcase classname="backend.tests.test_secureimage_forge.TestValidateRuntimeConfig" name="test_validate_valid_config" time="0.124" /><testcase classname="backend.tests.test_secureimage_forge.TestValidateRuntimeConfig" name="test_validate_invalid_runtime" time="0.120" /><testcase classname="backend.tests.test_secureimage_forge.TestValidateRuntimeConfig" name="test_validate_fips_incompatible" time="0.106" /><testcase classname="backend.tests.test_secureimage_forge.TestPoliciesEndpoints" name="test_get_policies_list" time="0.104" /><testcase classname="backend.tests.test_secureimage_forge.TestPoliciesEndpoints" name="test_get_policy_templates" time="0.109" /><testcase classname="backend.tests.test_secureimage_forge.TestPoliciesEndpoints" name="test_create_policy" time="0.107" /><testcase classname="backend.tests.test_secureimage_forge.TestAnalyticsEndpoints" name="test_analytics_trends" time="0.104" /><testcase classname="backend.tests.test_secureimage_forge.TestAnalyticsEndpoints" name="test_analytics_success_rate" time="0.110" /><testcase classname="backend.tests.test_secureimage_forge.TestAnalyticsEndpoints" name="test_analytics_health_scores" time="0.129" /><testcase classname="backend.tests.test_secureimage_forge.TestAnalyticsEndpoints" name="test_analytics_vulnerabilities" time="0.115" /><testcase classname="backend.tests.test_secureimage_forge.TestArchitecturesEndpoint" name="test_get_supported_architectures" time="0.133" /><testcase classname="backend.tests.test_secureimage_forge.TestBuildCompletionFlow" name="test_build_completion_flow" time="0.747" /></testsuite></testsuites>