<?xml version="1.0" encoding="utf-8"?><testsuites name="pytest tests"><testsuite name="pytest" errors="0" failures="0" skipped="0" tests="10" time="4.743" timestamp="2026-04-09T19:04:15.991697+00:00" hostname="agent-env-7f73214d-702f-4355-8953-6a4324a5d93c"><testcase classname="backend.tests.test_p1_slack_webhook.TestSlackWebhookIntegration" name="test_webhook_registered_and_active" time="0.145" /><testcase classname="backend.tests.test_p1_slack_webhook.TestSlackWebhookIntegration" name="test_webhook_stats" time="1.158" /><testcase classname="backend.tests.test_p1_slack_webhook.TestSlackWebhookIntegration" name="test_webhook_test_endpoint_sends_real_http" time="0.390" /><testcase classname="backend.tests.test_p1_slack_webhook.TestSlackWebhookIntegration" name="test_delivery_history_shows_successful_deliveries" time="0.124" /><testcase classname="backend.tests.test_p1_slack_webhook.TestSLSAAttestationWithSlackNotification" name="test_slsa_attestation_triggers_slack_notification" time="1.127" /><testcase classname="backend.tests.test_p1_slack_webhook.TestVEXDocumentWithSlackNotification" name="test_vex_document_triggers_slack_notification" time="1.110" /><testcase classname="backend.tests.test_p1_slack_webhook.TestSigstoreAvailability" name="test_sigstore_library_installed" time="0.000" /><testcase classname="backend.tests.test_p1_slack_webhook.TestSigstoreAvailability" name="test_slsa_attestation_indicates_sigstore_available" time="0.371" /><testcase classname="backend.tests.test_p1_slack_webhook.TestWebhooksPageData" name="test_webhooks_page_displays_registered_webhook" time="0.113" /><testcase classname="backend.tests.test_p1_slack_webhook.TestWebhooksPageData" name="test_recent_deliveries_section_data" time="0.108" /></testsuite></testsuites>