<?xml version="1.0" encoding="utf-8"?><testsuites name="pytest tests"><testsuite name="pytest" errors="0" failures="0" skipped="0" tests="20" time="7.044" timestamp="2026-04-09T17:13:26.672734+00:00" hostname="agent-env-7f73214d-702f-4355-8953-6a4324a5d93c"><testcase classname="backend.tests.test_phase4_features.TestExceptionManagement" name="test_get_exception_templates" time="0.347" /><testcase classname="backend.tests.test_phase4_features.TestExceptionManagement" name="test_list_exceptions_empty_or_existing" time="0.174" /><testcase classname="backend.tests.test_phase4_features.TestExceptionManagement" name="test_create_exception_request" time="0.170" /><testcase classname="backend.tests.test_phase4_features.TestExceptionManagement" name="test_get_exception_by_id" time="0.832" /><testcase classname="backend.tests.test_phase4_features.TestExceptionManagement" name="test_approve_exception" time="1.373" /><testcase classname="backend.tests.test_phase4_features.TestExceptionManagement" name="test_reject_exception" time="0.289" /><testcase classname="backend.tests.test_phase4_features.TestExceptionManagement" name="test_filter_exceptions_by_status" time="0.160" /><testcase classname="backend.tests.test_phase4_features.TestDriftDetection" name="test_get_runtime_images" time="0.166" /><testcase classname="backend.tests.test_phase4_features.TestDriftDetection" name="test_run_drift_scan" time="0.209" /><testcase classname="backend.tests.test_phase4_features.TestDriftDetection" name="test_drift_scan_results_structure" time="0.127" /><testcase classname="backend.tests.test_phase4_features.TestDriftDetection" name="test_get_drift_history" time="0.309" /><testcase classname="backend.tests.test_phase4_features.TestDriftDetection" name="test_get_drift_stats" time="0.194" /><testcase classname="backend.tests.test_phase4_features.TestRemediationPolicies" name="test_get_remediation_policies" time="0.130" /><testcase classname="backend.tests.test_phase4_features.TestRemediationPolicies" name="test_remediation_policy_modes" time="0.203" /><testcase classname="backend.tests.test_phase4_features.TestRemediationPolicies" name="test_create_remediation_policy" time="0.163" /><testcase classname="backend.tests.test_phase4_features.TestRemediationPolicies" name="test_activate_remediation_policy" time="0.489" /><testcase classname="backend.tests.test_phase4_features.TestRemediationPolicies" name="test_remediation_stats" time="0.211" /><testcase classname="backend.tests.test_phase4_features.TestPolicyBasedRemediation" name="test_auto_remediate_with_policy" time="0.389" /><testcase classname="backend.tests.test_phase4_features.TestIntegration" name="test_exception_workflow_complete" time="0.689" /><testcase classname="backend.tests.test_phase4_features.TestIntegration" name="test_drift_scan_and_history" time="0.307" /></testsuite></testsuites>